<?xml version="1.0" encoding="UTF-8"?>
<!-- Generated by org.testng.reporters.JUnitXMLReporter -->
<testsuite ignored="0" hostname="DESKTOP-OL4N8R9" failures="0" tests="4" name="chromeTest" time="5.885" errors="0" timestamp="2023-09-19T11:10:13 IST">
  <testcase classname="testngpkg.Practicewithebaysite" name="Test1" time="0.071"/>
  <testcase classname="testngpkg.Practicewithebaysite" name="Test2" time="0.038"/>
  <testcase classname="testngpkg.Practicewithebaysite" name="Test3" time="0.054"/>
  <testcase classname="testngpkg.Practicewithebaysite" name="Test4" time="0.074"/>
</testsuite> <!-- chromeTest -->
