<?xml version="1.0" encoding="UTF-8"?>
<!-- Generated by org.testng.reporters.JUnitXMLReporter -->
<testsuite ignored="1" hostname="DESKTOP-OL4N8R9" failures="0" tests="1" name="firefoxTest" time="40.62" errors="0" timestamp="2023-10-01T22:38:02 IST">
  <testcase classname="test.SauceDemo_Task_290923_Test" name="test" time="34.42"/>
  <testcase classname="basepkg.Baseclass_for_SauceDemo_Task_290923" name="@BeforeTest setUp" time="0.0">
    <ignored/>
  </testcase> <!-- @BeforeTest setUp -->
</testsuite> <!-- firefoxTest -->
