<?xml version="1.0" encoding="UTF-8"?>
<testng-results ignored="0" total="1" passed="1" failed="0" skipped="0">
  <reporter-output>
  </reporter-output>
  <suite started-at="2023-10-25T19:40:21 IST" name="Default suite" finished-at="2023-10-25T19:40:27 IST" duration-ms="6600">
    <groups>
    </groups>
    <test started-at="2023-10-25T19:40:21 IST" name="Default test" finished-at="2023-10-25T19:40:27 IST" duration-ms="6600">
      <class name="testngpkg.CopyPastePgm">
        <test-method is-config="true" signature="setUp()[pri:0, instance:testngpkg.CopyPastePgm@17f62e33]" started-at="2023-10-25T19:40:21 IST" name="setUp" finished-at="2023-10-25T19:40:27 IST" duration-ms="5999" status="PASS">
          <reporter-output>
          </reporter-output>
        </test-method> <!-- setUp -->
        <test-method signature="test1()[pri:0, instance:testngpkg.CopyPastePgm@17f62e33]" started-at="2023-10-25T19:40:27 IST" name="test1" finished-at="2023-10-25T19:40:27 IST" duration-ms="560" status="PASS">
          <reporter-output>
          </reporter-output>
        </test-method> <!-- test1 -->
      </class> <!-- testngpkg.CopyPastePgm -->
    </test> <!-- Default test -->
  </suite> <!-- Default suite -->
</testng-results>
