<?xml version="1.0" encoding="UTF-8"?>
<!-- Generated by org.testng.reporters.JUnitXMLReporter -->
<testsuite ignored="1" hostname="DESKTOP-OL4N8R9" failures="0" tests="1" name="ChromeTest" time="8.321" errors="0" timestamp="2023-10-24T19:39:35 IST">
  <testcase classname="test.demowebshop_by_tricentis_test" name="RegistrationPageTest" time="2.177"/>
  <testcase classname="basepkg.baseclass_for_demowebshop_by_tricentis" name="@BeforeTest setUp" time="0.0">
    <ignored/>
  </testcase> <!-- @BeforeTest setUp -->
</testsuite> <!-- ChromeTest -->
