<?xml version="1.0" encoding="UTF-8"?>
<testng-results ignored="0" total="1" passed="1" failed="0" skipped="0">
  <reporter-output>
  </reporter-output>
  <suite started-at="2023-10-26T16:37:22 IST" name="Default suite" finished-at="2023-10-26T16:38:14 IST" duration-ms="52610">
    <groups>
    </groups>
    <test started-at="2023-10-26T16:37:22 IST" name="Default test" finished-at="2023-10-26T16:38:14 IST" duration-ms="52610">
      <class name="test.demowebshop_test">
        <test-method is-config="true" signature="setUp()[pri:0, instance:test.demowebshop_test@235ecd9f]" started-at="2023-10-26T16:37:22 IST" name="setUp" finished-at="2023-10-26T16:37:28 IST" duration-ms="6593" status="PASS">
          <reporter-output>
          </reporter-output>
        </test-method> <!-- setUp -->
        <test-method signature="DemowebshopPageTest()[pri:0, instance:test.demowebshop_test@235ecd9f]" started-at="2023-10-26T16:37:28 IST" name="DemowebshopPageTest" finished-at="2023-10-26T16:38:14 IST" duration-ms="45738" status="PASS">
          <reporter-output>
          </reporter-output>
        </test-method> <!-- DemowebshopPageTest -->
        <test-method is-config="true" signature="tearDown()[pri:0, instance:test.demowebshop_test@235ecd9f]" started-at="2023-10-26T16:38:14 IST" name="tearDown" finished-at="2023-10-26T16:38:14 IST" duration-ms="203" status="PASS">
          <reporter-output>
          </reporter-output>
        </test-method> <!-- tearDown -->
      </class> <!-- test.demowebshop_test -->
    </test> <!-- Default test -->
  </suite> <!-- Default suite -->
</testng-results>
